============================= test session starts ==============================
platform linux -- Python 3.12.11, pytest-8.3.5, pluggy-1.6.0
rootdir: /data/data/com.termux/files/home/w/sadaka_app/app
configfile: pytest.ini
plugins: anyio-4.9.0, mimesis-18.0.0, asyncio-1.0.0, Faker-37.4.0
asyncio: mode=Mode.AUTO, asyncio_default_fixture_loop_scope=None, asyncio_default_test_loop_scope=function
collected 3 items

tests/payments/router/test_callback.py ...                               [100%]

=============================== warnings summary ===============================
../../../../usr/lib/python3.12/site-packages/passlib/utils/__init__.py:854
  /data/data/com.termux/files/usr/lib/python3.12/site-packages/passlib/utils/__init__.py:854: DeprecationWarning: 'crypt' is deprecated and slated for removal in Python 3.13
    from crypt import crypt as _crypt

../../../../usr/lib/python3.12/site-packages/pydantic/_internal/_config.py:323
../../../../usr/lib/python3.12/site-packages/pydantic/_internal/_config.py:323
../../../../usr/lib/python3.12/site-packages/pydantic/_internal/_config.py:323
  /data/data/com.termux/files/usr/lib/python3.12/site-packages/pydantic/_internal/_config.py:323: PydanticDeprecatedSince20: Support for class-based `config` is deprecated, use ConfigDict instead. Deprecated in Pydantic V2.0 to be removed in V3.0. See Pydantic V2 Migration Guide at https://errors.pydantic.dev/2.11/migration/
    warnings.warn(DEPRECATION_MESSAGE, DeprecationWarning)

tests/payments/router/test_callback.py::TestPaymentCallback::test_callback_cancelled
  sys:1: SAWarning: Can't sort tables for DROP; an unresolvable foreign key dependency exists between tables: files, funds, projects, stages; and backend does not support ALTER.  To restore at least a partial sort, apply use_alter=True to ForeignKey and ForeignKeyConstraint objects involved in the cycle to mark these as known cycles that will be ignored.

-- Docs: https://docs.pytest.org/en/stable/how-to/capture-warnings.html
======================== 3 passed, 5 warnings in 2.29s =========================
